<?xml version="1.0" encoding="UTF-8"?>
<!-- Generated by org.testng.reporters.JUnitReportReporter -->
<testsuite hostname="88665a16275d" failures="0" tests="1" name="com.saucelabs.testcase.EndToEndCheckoutFlowTest" time="8.277" errors="0" timestamp="2024-06-10T19:40:01 IST" skipped="0">
  <testcase classname="com.saucelabs.testcase.EndToEndCheckoutFlowTest" name="endToEndCheckoutFlowTest" time="8.277"/>
  <system-out/>
</testsuite> <!-- com.saucelabs.testcase.EndToEndCheckoutFlowTest -->
